
> printvik-backend@1.0.0 start
> node server.js

[BACKUP] Backup service initialized (Schedule: Daily at 00:00)
FIREBASE_SERVICE_ACCOUNT_PATH not found. Firebase notifications will be mocked.
🚀 Server running on port 5001
📍 Environment: development
✅ MongoDB Connected: localhost
[POST] /api/auth/login - 401 (260ms)
[POST] /api/auth/login - 200 (124ms)
Create order error: TypeError: Cannot read properties of undefined (reading 'map')
    at /Users/sumitgupta/Antigravity Expriments/printvik/backend/routes/orders.js:38:55
    at Layer.handle [as handle_request] (/Users/sumitgupta/Antigravity Expriments/printvik/backend/node_modules/express/lib/router/layer.js:95:5)
    at next (/Users/sumitgupta/Antigravity Expriments/printvik/backend/node_modules/express/lib/router/route.js:149:13)
    at multerMiddleware (/Users/sumitgupta/Antigravity Expriments/printvik/backend/node_modules/multer/lib/make-middleware.js:13:41)
    at Layer.handle [as handle_request] (/Users/sumitgupta/Antigravity Expriments/printvik/backend/node_modules/express/lib/router/layer.js:95:5)
    at next (/Users/sumitgupta/Antigravity Expriments/printvik/backend/node_modules/express/lib/router/route.js:149:13)
    at protect (/Users/sumitgupta/Antigravity Expriments/printvik/backend/middleware/auth.js:49:13)
    at process.processTicksAndRejections (node:internal/process/task_queues:103:5)
[POST] /api/orders - 500 (12ms)
Create order error: TypeError: Cannot read properties of undefined (reading 'map')
    at /Users/sumitgupta/Antigravity Expriments/printvik/backend/routes/orders.js:38:55
    at Layer.handle [as handle_request] (/Users/sumitgupta/Antigravity Expriments/printvik/backend/node_modules/express/lib/router/layer.js:95:5)
    at next (/Users/sumitgupta/Antigravity Expriments/printvik/backend/node_modules/express/lib/router/route.js:149:13)
    at multerMiddleware (/Users/sumitgupta/Antigravity Expriments/printvik/backend/node_modules/multer/lib/make-middleware.js:13:41)
    at Layer.handle [as handle_request] (/Users/sumitgupta/Antigravity Expriments/printvik/backend/node_modules/express/lib/router/layer.js:95:5)
    at next (/Users/sumitgupta/Antigravity Expriments/printvik/backend/node_modules/express/lib/router/route.js:149:13)
    at protect (/Users/sumitgupta/Antigravity Expriments/printvik/backend/middleware/auth.js:49:13)
    at process.processTicksAndRejections (node:internal/process/task_queues:103:5)
[POST] /api/orders - 500 (11ms)
[GET] /api/auth/me - 200 (17ms)
[GET] /api/admin/users?role=delivery_boy - 304 (20ms)
[GET] /api/admin/users?role=operator - 304 (29ms)
[GET] /api/admin/orders - 304 (35ms)
[GET] /api/auth/me - 304 (6ms)
[GET] /api/admin/users?role=operator - 304 (11ms)
[GET] /api/admin/users?role=delivery_boy - 304 (12ms)
[GET] /api/admin/orders - 304 (11ms)
Create order error: TypeError: Cannot read properties of undefined (reading 'map')
    at /Users/sumitgupta/Antigravity Expriments/printvik/backend/routes/orders.js:38:55
    at Layer.handle [as handle_request] (/Users/sumitgupta/Antigravity Expriments/printvik/backend/node_modules/express/lib/router/layer.js:95:5)
    at next (/Users/sumitgupta/Antigravity Expriments/printvik/backend/node_modules/express/lib/router/route.js:149:13)
    at multerMiddleware (/Users/sumitgupta/Antigravity Expriments/printvik/backend/node_modules/multer/lib/make-middleware.js:13:41)
    at Layer.handle [as handle_request] (/Users/sumitgupta/Antigravity Expriments/printvik/backend/node_modules/express/lib/router/layer.js:95:5)
    at next (/Users/sumitgupta/Antigravity Expriments/printvik/backend/node_modules/express/lib/router/route.js:149:13)
    at protect (/Users/sumitgupta/Antigravity Expriments/printvik/backend/middleware/auth.js:49:13)
    at process.processTicksAndRejections (node:internal/process/task_queues:103:5)
[POST] /api/orders - 500 (3ms)
[GET] /api/admin/users?role=delivery_boy - 304 (17ms)
[GET] /api/admin/orders - 304 (29ms)
[GET] /api/admin/users?role=operator - 304 (25ms)
[GET] /api/admin/users?role=operator - 304 (20ms)
[GET] /api/admin/orders - 304 (26ms)
[GET] /api/admin/users?role=delivery_boy - 304 (23ms)
[GET] /api/admin/users?role=delivery_boy - 304 (18ms)
[GET] /api/admin/users?role=operator - 304 (22ms)
[GET] /api/admin/orders - 304 (28ms)
[GET] /api/admin/users?role=operator - 304 (34ms)
[GET] /api/admin/orders - 304 (46ms)
[GET] /api/admin/users?role=delivery_boy - 304 (42ms)
[GET] /api/admin/users?role=operator - 304 (15ms)
[GET] /api/admin/orders - 304 (23ms)
[GET] /api/admin/users?role=delivery_boy - 304 (20ms)
[GET] /api/admin/users?role=operator - 304 (9ms)
[GET] /api/admin/orders - 304 (11ms)
[GET] /api/admin/users?role=delivery_boy - 304 (9ms)
[GET] /api/admin/users?role=operator - 304 (9ms)
[GET] /api/admin/orders - 304 (11ms)
[GET] /api/admin/users?role=delivery_boy - 304 (9ms)
[GET] /api/admin/users?role=operator - 304 (18ms)
[GET] /api/admin/orders - 304 (23ms)
[GET] /api/admin/users?role=delivery_boy - 304 (21ms)
[GET] /api/admin/users?role=operator - 304 (19ms)
[GET] /api/admin/orders - 304 (26ms)
[GET] /api/admin/users?role=delivery_boy - 304 (21ms)
