
> printvik-backend@1.0.0 start
> node server.js

[BACKUP] Backup service initialized (Schedule: Daily at 00:00)
FIREBASE_SERVICE_ACCOUNT_PATH not found. Firebase notifications will be mocked.
🚀 Server running on port 5001
📍 Environment: development
✅ MongoDB Connected: localhost
Create order error: Error: Order validation failed: specifications.pages: Path `specifications.pages` is required., specifications.copies: Path `specifications.copies` is required., specifications.colorType: Path `specifications.colorType` is required., orderNumber: Path `orderNumber` is required.
    at ValidationError.inspect (/Users/sumitgupta/Antigravity Expriments/printvik/backend/node_modules/mongoose/lib/error/validation.js:50:26)
    at formatValue (node:internal/util/inspect:1148:19)
    at inspect (node:internal/util/inspect:409:10)
    at formatWithOptionsInternal (node:internal/util/inspect:2897:40)
    at formatWithOptions (node:internal/util/inspect:2759:10)
    at console.value (node:internal/console/constructor:377:14)
    at console.error (node:internal/console/constructor:444:61)
    at /Users/sumitgupta/Antigravity Expriments/printvik/backend/routes/orders.js:117:17
    at process.processTicksAndRejections (node:internal/process/task_queues:103:5) {
  errors: {
    'specifications.pages': ValidatorError: Path `specifications.pages` is required.
        at validate (/Users/sumitgupta/Antigravity Expriments/printvik/backend/node_modules/mongoose/lib/schematype.js:1365:13)
        at SchemaType.doValidate (/Users/sumitgupta/Antigravity Expriments/printvik/backend/node_modules/mongoose/lib/schematype.js:1349:7)
        at /Users/sumitgupta/Antigravity Expriments/printvik/backend/node_modules/mongoose/lib/document.js:3004:18
        at process.processTicksAndRejections (node:internal/process/task_queues:84:11) {
      properties: [Object],
      kind: 'required',
      path: 'specifications.pages',
      value: undefined,
      reason: undefined,
      Symbol(mongoose:validatorError): true
    },
    'specifications.copies': ValidatorError: Path `specifications.copies` is required.
        at validate (/Users/sumitgupta/Antigravity Expriments/printvik/backend/node_modules/mongoose/lib/schematype.js:1365:13)
        at SchemaType.doValidate (/Users/sumitgupta/Antigravity Expriments/printvik/backend/node_modules/mongoose/lib/schematype.js:1349:7)
        at /Users/sumitgupta/Antigravity Expriments/printvik/backend/node_modules/mongoose/lib/document.js:3004:18
        at process.processTicksAndRejections (node:internal/process/task_queues:84:11) {
      properties: [Object],
      kind: 'required',
      path: 'specifications.copies',
      value: undefined,
      reason: undefined,
      Symbol(mongoose:validatorError): true
    },
    'specifications.colorType': ValidatorError: Path `specifications.colorType` is required.
        at validate (/Users/sumitgupta/Antigravity Expriments/printvik/backend/node_modules/mongoose/lib/schematype.js:1365:13)
        at SchemaType.doValidate (/Users/sumitgupta/Antigravity Expriments/printvik/backend/node_modules/mongoose/lib/schematype.js:1349:7)
        at /Users/sumitgupta/Antigravity Expriments/printvik/backend/node_modules/mongoose/lib/document.js:3004:18
        at process.processTicksAndRejections (node:internal/process/task_queues:84:11) {
      properties: [Object],
      kind: 'required',
      path: 'specifications.colorType',
      value: undefined,
      reason: undefined,
      Symbol(mongoose:validatorError): true
    },
    orderNumber: ValidatorError: Path `orderNumber` is required.
        at validate (/Users/sumitgupta/Antigravity Expriments/printvik/backend/node_modules/mongoose/lib/schematype.js:1365:13)
        at SchemaType.doValidate (/Users/sumitgupta/Antigravity Expriments/printvik/backend/node_modules/mongoose/lib/schematype.js:1349:7)
        at /Users/sumitgupta/Antigravity Expriments/printvik/backend/node_modules/mongoose/lib/document.js:3004:18
        at process.processTicksAndRejections (node:internal/process/task_queues:84:11) {
      properties: [Object],
      kind: 'required',
      path: 'orderNumber',
      value: undefined,
      reason: undefined,
      Symbol(mongoose:validatorError): true
    }
  },
  _message: 'Order validation failed'
}
[POST] /api/orders - 500 (20ms)
Create order error: Error: Order validation failed: specifications.pages: Path `specifications.pages` is required., specifications.copies: Path `specifications.copies` is required., specifications.colorType: Path `specifications.colorType` is required., orderNumber: Path `orderNumber` is required.
    at ValidationError.inspect (/Users/sumitgupta/Antigravity Expriments/printvik/backend/node_modules/mongoose/lib/error/validation.js:50:26)
    at formatValue (node:internal/util/inspect:1148:19)
    at inspect (node:internal/util/inspect:409:10)
    at formatWithOptionsInternal (node:internal/util/inspect:2897:40)
    at formatWithOptions (node:internal/util/inspect:2759:10)
    at console.value (node:internal/console/constructor:377:14)
    at console.error (node:internal/console/constructor:444:61)
    at /Users/sumitgupta/Antigravity Expriments/printvik/backend/routes/orders.js:117:17
    at process.processTicksAndRejections (node:internal/process/task_queues:103:5) {
  errors: {
    'specifications.pages': ValidatorError: Path `specifications.pages` is required.
        at validate (/Users/sumitgupta/Antigravity Expriments/printvik/backend/node_modules/mongoose/lib/schematype.js:1365:13)
        at SchemaType.doValidate (/Users/sumitgupta/Antigravity Expriments/printvik/backend/node_modules/mongoose/lib/schematype.js:1349:7)
        at /Users/sumitgupta/Antigravity Expriments/printvik/backend/node_modules/mongoose/lib/document.js:3004:18
        at process.processTicksAndRejections (node:internal/process/task_queues:84:11) {
      properties: [Object],
      kind: 'required',
      path: 'specifications.pages',
      value: undefined,
      reason: undefined,
      Symbol(mongoose:validatorError): true
    },
    'specifications.copies': ValidatorError: Path `specifications.copies` is required.
        at validate (/Users/sumitgupta/Antigravity Expriments/printvik/backend/node_modules/mongoose/lib/schematype.js:1365:13)
        at SchemaType.doValidate (/Users/sumitgupta/Antigravity Expriments/printvik/backend/node_modules/mongoose/lib/schematype.js:1349:7)
        at /Users/sumitgupta/Antigravity Expriments/printvik/backend/node_modules/mongoose/lib/document.js:3004:18
        at process.processTicksAndRejections (node:internal/process/task_queues:84:11) {
      properties: [Object],
      kind: 'required',
      path: 'specifications.copies',
      value: undefined,
      reason: undefined,
      Symbol(mongoose:validatorError): true
    },
    'specifications.colorType': ValidatorError: Path `specifications.colorType` is required.
        at validate (/Users/sumitgupta/Antigravity Expriments/printvik/backend/node_modules/mongoose/lib/schematype.js:1365:13)
        at SchemaType.doValidate (/Users/sumitgupta/Antigravity Expriments/printvik/backend/node_modules/mongoose/lib/schematype.js:1349:7)
        at /Users/sumitgupta/Antigravity Expriments/printvik/backend/node_modules/mongoose/lib/document.js:3004:18
        at process.processTicksAndRejections (node:internal/process/task_queues:84:11) {
      properties: [Object],
      kind: 'required',
      path: 'specifications.colorType',
      value: undefined,
      reason: undefined,
      Symbol(mongoose:validatorError): true
    },
    orderNumber: ValidatorError: Path `orderNumber` is required.
        at validate (/Users/sumitgupta/Antigravity Expriments/printvik/backend/node_modules/mongoose/lib/schematype.js:1365:13)
        at SchemaType.doValidate (/Users/sumitgupta/Antigravity Expriments/printvik/backend/node_modules/mongoose/lib/schematype.js:1349:7)
        at /Users/sumitgupta/Antigravity Expriments/printvik/backend/node_modules/mongoose/lib/document.js:3004:18
        at process.processTicksAndRejections (node:internal/process/task_queues:84:11) {
      properties: [Object],
      kind: 'required',
      path: 'orderNumber',
      value: undefined,
      reason: undefined,
      Symbol(mongoose:validatorError): true
    }
  },
  _message: 'Order validation failed'
}
[POST] /api/orders - 500 (11ms)
Create order error: Error: Order validation failed: specifications.pages: Path `specifications.pages` is required., specifications.copies: Path `specifications.copies` is required., specifications.colorType: Path `specifications.colorType` is required., orderNumber: Path `orderNumber` is required.
    at ValidationError.inspect (/Users/sumitgupta/Antigravity Expriments/printvik/backend/node_modules/mongoose/lib/error/validation.js:50:26)
    at formatValue (node:internal/util/inspect:1148:19)
    at inspect (node:internal/util/inspect:409:10)
    at formatWithOptionsInternal (node:internal/util/inspect:2897:40)
    at formatWithOptions (node:internal/util/inspect:2759:10)
    at console.value (node:internal/console/constructor:377:14)
    at console.error (node:internal/console/constructor:444:61)
    at /Users/sumitgupta/Antigravity Expriments/printvik/backend/routes/orders.js:117:17
    at process.processTicksAndRejections (node:internal/process/task_queues:103:5) {
  errors: {
    'specifications.pages': ValidatorError: Path `specifications.pages` is required.
        at validate (/Users/sumitgupta/Antigravity Expriments/printvik/backend/node_modules/mongoose/lib/schematype.js:1365:13)
        at SchemaType.doValidate (/Users/sumitgupta/Antigravity Expriments/printvik/backend/node_modules/mongoose/lib/schematype.js:1349:7)
        at /Users/sumitgupta/Antigravity Expriments/printvik/backend/node_modules/mongoose/lib/document.js:3004:18
        at process.processTicksAndRejections (node:internal/process/task_queues:84:11) {
      properties: [Object],
      kind: 'required',
      path: 'specifications.pages',
      value: undefined,
      reason: undefined,
      Symbol(mongoose:validatorError): true
    },
    'specifications.copies': ValidatorError: Path `specifications.copies` is required.
        at validate (/Users/sumitgupta/Antigravity Expriments/printvik/backend/node_modules/mongoose/lib/schematype.js:1365:13)
        at SchemaType.doValidate (/Users/sumitgupta/Antigravity Expriments/printvik/backend/node_modules/mongoose/lib/schematype.js:1349:7)
        at /Users/sumitgupta/Antigravity Expriments/printvik/backend/node_modules/mongoose/lib/document.js:3004:18
        at process.processTicksAndRejections (node:internal/process/task_queues:84:11) {
      properties: [Object],
      kind: 'required',
      path: 'specifications.copies',
      value: undefined,
      reason: undefined,
      Symbol(mongoose:validatorError): true
    },
    'specifications.colorType': ValidatorError: Path `specifications.colorType` is required.
        at validate (/Users/sumitgupta/Antigravity Expriments/printvik/backend/node_modules/mongoose/lib/schematype.js:1365:13)
        at SchemaType.doValidate (/Users/sumitgupta/Antigravity Expriments/printvik/backend/node_modules/mongoose/lib/schematype.js:1349:7)
        at /Users/sumitgupta/Antigravity Expriments/printvik/backend/node_modules/mongoose/lib/document.js:3004:18
        at process.processTicksAndRejections (node:internal/process/task_queues:84:11) {
      properties: [Object],
      kind: 'required',
      path: 'specifications.colorType',
      value: undefined,
      reason: undefined,
      Symbol(mongoose:validatorError): true
    },
    orderNumber: ValidatorError: Path `orderNumber` is required.
        at validate (/Users/sumitgupta/Antigravity Expriments/printvik/backend/node_modules/mongoose/lib/schematype.js:1365:13)
        at SchemaType.doValidate (/Users/sumitgupta/Antigravity Expriments/printvik/backend/node_modules/mongoose/lib/schematype.js:1349:7)
        at /Users/sumitgupta/Antigravity Expriments/printvik/backend/node_modules/mongoose/lib/document.js:3004:18
        at process.processTicksAndRejections (node:internal/process/task_queues:84:11) {
      properties: [Object],
      kind: 'required',
      path: 'orderNumber',
      value: undefined,
      reason: undefined,
      Symbol(mongoose:validatorError): true
    }
  },
  _message: 'Order validation failed'
}
[POST] /api/orders - 500 (7ms)
